<?xml version="1.0" encoding="UTF-8"?>
<!-- Generated by org.testng.reporters.JUnitReportReporter -->
<testsuite hostname="LAPTOP-JUQJ0GN9" failures="0" tests="1" name="com.orangeHRM.test.HomePageTest" time="25.938" errors="0" timestamp="2025-04-15T02:34:54 IST" skipped="0">
  <testcase classname="com.orangeHRM.test.HomePageTest" name="verifyOrangeHrmLogo" time="25.938"/>
</testsuite> <!-- com.orangeHRM.test.HomePageTest -->
