<?xml version="1.0" encoding="UTF-8"?>
<!-- Generated by org.testng.reporters.JUnitReportReporter -->
<testsuite hostname="LAPTOP-JUQJ0GN9" failures="0" tests="4" name="com.orangeHRM.test.LoginPageTest" time="261.357" errors="0" timestamp="2025-04-17T02:32:09 IST" skipped="0">
  <testcase classname="com.orangeHRM.test.LoginPageTest" name="loginTest" time="50.083"/>
  <testcase classname="com.orangeHRM.test.LoginPageTest" name="loginTest" time="130.596"/>
  <testcase classname="com.orangeHRM.test.LoginPageTest" name="loginTest" time="50.546"/>
  <testcase classname="com.orangeHRM.test.LoginPageTest" name="loginTest" time="30.132"/>
</testsuite> <!-- com.orangeHRM.test.LoginPageTest -->
