<?xml version="1.0" encoding="UTF-8"?>
<!-- Generated by org.testng.reporters.JUnitReportReporter -->
<testsuite hostname="LAPTOP-JUQJ0GN9" failures="0" tests="1" name="com.orangeHRM.test.Dummy" time="9.902" errors="0" timestamp="2025-04-14T21:17:37 IST" skipped="0">
  <testcase classname="com.orangeHRM.test.Dummy" name="dummyTest" time="9.902"/>
</testsuite> <!-- com.orangeHRM.test.Dummy -->
